<?xml version="1.0" encoding="UTF-8"?>
<testsuite name="com.toolsteam.AppTest" tests="1" skipped="0" failures="0" errors="0" timestamp="2019-09-05T07:58:35" hostname="jakka-VirtualBox" time="0.045">
  <properties/>
  <testcase name="testAppHasAGreeting" classname="com.toolsteam.AppTest" time="0.045"/>
  <system-out><![CDATA[Testing
]]></system-out>
  <system-err><![CDATA[]]></system-err>
</testsuite>
